<?xml version="1.0" encoding="UTF-8"?>
<testng-results ignored="0" total="2" passed="0" failed="2" skipped="0">
  <reporter-output>
  </reporter-output>
  <suite started-at="2023-08-26T21:27:47 IST" name="Default suite" finished-at="2023-08-26T21:27:49 IST" duration-ms="2267">
    <groups>
      <group name="cucumber">
        <method signature="AbstractTestNGCucumberTests.runScenario(io.cucumber.testng.PickleWrapper,io.cucumber.testng.FeatureWrapper)[pri:0, instance:testRunner.Runner@48075da3]" name="runScenario" class="io.cucumber.testng.AbstractTestNGCucumberTests"/>
      </group> <!-- cucumber -->
    </groups>
    <test started-at="2023-08-26T21:27:47 IST" name="Default test" finished-at="2023-08-26T21:27:49 IST" duration-ms="2267">
      <class name="testRunner.Runner">
        <test-method is-config="true" signature="setUpClass(org.testng.ITestContext)[pri:0, instance:testRunner.Runner@48075da3]" started-at="2023-08-26T21:27:47 IST" name="setUpClass" finished-at="2023-08-26T21:27:48 IST" duration-ms="1199" status="PASS">
          <params>
            <param index="0">
              <value>
                <![CDATA[org.testng.TestRunner@3e521715]]>
              </value>
            </param>
          </params>
          <reporter-output>
          </reporter-output>
        </test-method> <!-- setUpClass -->
        <test-method signature="runScenario(io.cucumber.testng.PickleWrapper,io.cucumber.testng.FeatureWrapper)[pri:0, instance:testRunner.Runner@48075da3]" started-at="2023-08-26T21:27:48 IST" name="runScenario" description="Runs Cucumber Scenarios" data-provider="scenarios" finished-at="2023-08-26T21:27:48 IST" duration-ms="236" status="FAIL">
          <params>
            <param index="0">
              <value>
                <![CDATA["Login Hotel should be success"]]>
              </value>
            </param>
            <param index="1">
              <value>
                <![CDATA["Book Hotel"]]>
              </value>
            </param>
          </params>
          <exception class="java.lang.NullPointerException">
            <message>
              <![CDATA[Cannot invoke "org.openqa.selenium.WebDriver.findElement(org.openqa.selenium.By)" because "this.driver" is null]]>
            </message>
            <full-stacktrace>
              <![CDATA[java.lang.NullPointerException: Cannot invoke "org.openqa.selenium.WebDriver.findElement(org.openqa.selenium.By)" because "this.driver" is null
at Step.Login_Definition.user_enter_the_username_as_najumudheen(Login_Definition.java:22)
at ✽.User enter the username as Najumudheen(file:///C:/Users/Dheen%20Group/eclipse-workspace2/Cucumber/src/test/java/Features/Login.feature:7)
]]>
            </full-stacktrace>
          </exception> <!-- java.lang.NullPointerException -->
          <reporter-output>
          </reporter-output>
        </test-method> <!-- runScenario -->
        <test-method signature="runScenario(io.cucumber.testng.PickleWrapper,io.cucumber.testng.FeatureWrapper)[pri:0, instance:testRunner.Runner@48075da3]" started-at="2023-08-26T21:27:48 IST" name="runScenario" description="Runs Cucumber Scenarios" data-provider="scenarios" finished-at="2023-08-26T21:27:48 IST" duration-ms="94" status="FAIL">
          <params>
            <param index="0">
              <value>
                <![CDATA["Login Hotel should be failed"]]>
              </value>
            </param>
            <param index="1">
              <value>
                <![CDATA["Book Hotel"]]>
              </value>
            </param>
          </params>
          <exception class="java.lang.NullPointerException">
            <message>
              <![CDATA[Cannot invoke "org.openqa.selenium.WebDriver.findElement(org.openqa.selenium.By)" because "this.driver" is null]]>
            </message>
            <full-stacktrace>
              <![CDATA[java.lang.NullPointerException: Cannot invoke "org.openqa.selenium.WebDriver.findElement(org.openqa.selenium.By)" because "this.driver" is null
at Step.Login_Definition.userEnterTheInvalidUsernameAsMuthu(Login_Definition.java:37)
at ✽.User enter the invalid_username as Muthu(file:///C:/Users/Dheen%20Group/eclipse-workspace2/Cucumber/src/test/java/Features/Login.feature:15)
]]>
            </full-stacktrace>
          </exception> <!-- java.lang.NullPointerException -->
          <reporter-output>
          </reporter-output>
        </test-method> <!-- runScenario -->
        <test-method is-config="true" signature="tearDownClass()[pri:0, instance:testRunner.Runner@48075da3]" started-at="2023-08-26T21:27:48 IST" name="tearDownClass" finished-at="2023-08-26T21:27:49 IST" duration-ms="594" status="PASS">
          <reporter-output>
          </reporter-output>
        </test-method> <!-- tearDownClass -->
      </class> <!-- testRunner.Runner -->
    </test> <!-- Default test -->
  </suite> <!-- Default suite -->
</testng-results>
