<?xml version="1.0" encoding="UTF-8"?>
<!-- Generated by org.testng.reporters.JUnitReportReporter -->
<testsuite hostname="DESKTOP-TLROPRL" failures="0" tests="2" name="testRunner.Runner" time="0.330" errors="2" timestamp="2023-08-26T21:27:49 IST" skipped="0">
  <testcase classname="testRunner.Runner" name="runScenario" time="0.236">
    <error message="Cannot invoke &quot;org.openqa.selenium.WebDriver.findElement(org.openqa.selenium.By)&quot; because &quot;this.driver&quot; is null" type="java.lang.NullPointerException">
      <![CDATA[java.lang.NullPointerException: Cannot invoke "org.openqa.selenium.WebDriver.findElement(org.openqa.selenium.By)" because "this.driver" is null
at Step.Login_Definition.user_enter_the_username_as_najumudheen(Login_Definition.java:22)
at ✽.User enter the username as Najumudheen(file:///C:/Users/Dheen%20Group/eclipse-workspace2/Cucumber/src/test/java/Features/Login.feature:7)
]]>
    </error>
  </testcase> <!-- runScenario -->
  <system-out/>
  <testcase classname="testRunner.Runner" name="runScenario" time="0.094">
    <error message="Cannot invoke &quot;org.openqa.selenium.WebDriver.findElement(org.openqa.selenium.By)&quot; because &quot;this.driver&quot; is null" type="java.lang.NullPointerException">
      <![CDATA[java.lang.NullPointerException: Cannot invoke "org.openqa.selenium.WebDriver.findElement(org.openqa.selenium.By)" because "this.driver" is null
at Step.Login_Definition.userEnterTheInvalidUsernameAsMuthu(Login_Definition.java:37)
at ✽.User enter the invalid_username as Muthu(file:///C:/Users/Dheen%20Group/eclipse-workspace2/Cucumber/src/test/java/Features/Login.feature:15)
]]>
    </error>
  </testcase> <!-- runScenario -->
  <system-out/>
</testsuite> <!-- testRunner.Runner -->
